[2026-04-01T08:07:11.389+0000] {manager.py:470} INFO - Processing files using up to 2 processes at a time 
[2026-04-01T08:07:11.394+0000] {manager.py:471} INFO - Process each file at most once every 30 seconds
[2026-04-01T08:07:11.394+0000] {manager.py:472} INFO - Checking for new files in /opt/airflow/dags every 300 seconds
[2026-04-01T08:07:11.395+0000] {manager.py:737} INFO - Searching for files in /opt/airflow/dags
[2026-04-01T08:07:11.412+0000] {manager.py:740} INFO - There are 1 files in /opt/airflow/dags
[2026-04-01T08:07:11.896+0000] {manager.py:878} INFO - 
================================================================================
DAG File Processing Stats

File Path                               PID  Runtime      # DAGs    # Errors  Last Runtime    Last Run
------------------------------------  -----  ---------  --------  ----------  --------------  ----------
/opt/airflow/dags/weather_etl_dag.py     24  0.23s             0           0
================================================================================
[2026-04-01T08:07:42.139+0000] {manager.py:878} INFO - 
================================================================================
DAG File Processing Stats

File Path                               PID  Runtime      # DAGs    # Errors  Last Runtime    Last Run
------------------------------------  -----  ---------  --------  ----------  --------------  -------------------
/opt/airflow/dags/weather_etl_dag.py     25  0.01s             0           1  0.31s           2026-04-01T08:07:11
================================================================================
[2026-04-01T08:08:12.282+0000] {manager.py:878} INFO - 
================================================================================
DAG File Processing Stats

File Path                               PID  Runtime      # DAGs    # Errors  Last Runtime    Last Run
------------------------------------  -----  ---------  --------  ----------  --------------  -------------------
/opt/airflow/dags/weather_etl_dag.py     26  0.00s             0           1  0.10s           2026-04-01T08:07:42
================================================================================
[2026-04-01T08:08:42.467+0000] {manager.py:878} INFO - 
================================================================================
DAG File Processing Stats

File Path                               PID  Runtime      # DAGs    # Errors  Last Runtime    Last Run
------------------------------------  -----  ---------  --------  ----------  --------------  -------------------
/opt/airflow/dags/weather_etl_dag.py     27  0.02s             0           1  0.06s           2026-04-01T08:08:12
================================================================================
[2026-04-01T08:09:12.591+0000] {manager.py:878} INFO - 
================================================================================
DAG File Processing Stats

File Path                               PID  Runtime      # DAGs    # Errors  Last Runtime    Last Run
------------------------------------  -----  ---------  --------  ----------  --------------  -------------------
/opt/airflow/dags/weather_etl_dag.py     28  0.01s             0           1  0.13s           2026-04-01T08:08:42
================================================================================
[2026-04-01T08:09:42.712+0000] {manager.py:878} INFO - 
================================================================================
DAG File Processing Stats

File Path                               PID  Runtime      # DAGs    # Errors  Last Runtime    Last Run
------------------------------------  -----  ---------  --------  ----------  --------------  -------------------
/opt/airflow/dags/weather_etl_dag.py     29  0.01s             0           1  0.05s           2026-04-01T08:09:12
================================================================================
[2026-04-01T08:10:12.842+0000] {manager.py:878} INFO - 
================================================================================
DAG File Processing Stats

File Path                               PID  Runtime      # DAGs    # Errors  Last Runtime    Last Run
------------------------------------  -----  ---------  --------  ----------  --------------  -------------------
/opt/airflow/dags/weather_etl_dag.py     30  1.01s             0           1  0.06s           2026-04-01T08:09:42
================================================================================
[2026-04-01T08:10:27.378+0000] {manager.py:452} INFO - Exiting gracefully upon receiving signal 15
[2026-04-01T08:12:54.247+0000] {manager.py:470} INFO - Processing files using up to 2 processes at a time 
[2026-04-01T08:12:54.248+0000] {manager.py:471} INFO - Process each file at most once every 30 seconds
[2026-04-01T08:12:54.248+0000] {manager.py:472} INFO - Checking for new files in /opt/airflow/dags every 300 seconds
[2026-04-01T08:12:54.248+0000] {manager.py:737} INFO - Searching for files in /opt/airflow/dags
[2026-04-01T08:12:54.327+0000] {manager.py:740} INFO - There are 1 files in /opt/airflow/dags
[2026-04-01T08:12:54.598+0000] {manager.py:878} INFO - 
================================================================================
DAG File Processing Stats

File Path                               PID  Runtime      # DAGs    # Errors  Last Runtime    Last Run
------------------------------------  -----  ---------  --------  ----------  --------------  ----------
/opt/airflow/dags/weather_etl_dag.py     24  0.14s             0           0
================================================================================
[2026-04-01T08:13:25.065+0000] {manager.py:878} INFO - 
================================================================================
DAG File Processing Stats

File Path                             PID    Runtime      # DAGs    # Errors  Last Runtime    Last Run
------------------------------------  -----  ---------  --------  ----------  --------------  -------------------
/opt/airflow/dags/weather_etl_dag.py                           0           1  7.09s           2026-04-01T08:13:01
================================================================================
[2026-04-01T08:13:55.176+0000] {manager.py:878} INFO - 
================================================================================
DAG File Processing Stats

File Path                             PID    Runtime      # DAGs    # Errors  Last Runtime    Last Run
------------------------------------  -----  ---------  --------  ----------  --------------  -------------------
/opt/airflow/dags/weather_etl_dag.py                           0           1  0.55s           2026-04-01T08:13:32
================================================================================
[2026-04-01T08:14:25.450+0000] {manager.py:878} INFO - 
================================================================================
DAG File Processing Stats

File Path                             PID    Runtime      # DAGs    # Errors  Last Runtime    Last Run
------------------------------------  -----  ---------  --------  ----------  --------------  -------------------
/opt/airflow/dags/weather_etl_dag.py                           0           1  0.51s           2026-04-01T08:14:02
================================================================================
[2026-04-01T08:14:55.558+0000] {manager.py:878} INFO - 
================================================================================
DAG File Processing Stats

File Path                             PID    Runtime      # DAGs    # Errors  Last Runtime    Last Run
------------------------------------  -----  ---------  --------  ----------  --------------  -------------------
/opt/airflow/dags/weather_etl_dag.py                           0           1  0.54s           2026-04-01T08:14:33
================================================================================
[2026-04-01T08:15:25.653+0000] {manager.py:878} INFO - 
================================================================================
DAG File Processing Stats

File Path                             PID    Runtime      # DAGs    # Errors  Last Runtime    Last Run
------------------------------------  -----  ---------  --------  ----------  --------------  -------------------
/opt/airflow/dags/weather_etl_dag.py                           0           1  0.97s           2026-04-01T08:15:04
================================================================================
[2026-04-01T08:15:26.295+0000] {manager.py:452} INFO - Exiting gracefully upon receiving signal 15
